CRITICAL - 2026-05-13 06:57:46 --> Error: Call to undefined function route()
[Method: GET, Route: auth/login]
in APPPATH/Views/auth/login.php on line 269.
 1 SYSTEMPATH/View/View.php(240): include()
 2 SYSTEMPATH/View/View.php(243): CodeIgniter\View\View->CodeIgniter\View\{closure}()
 3 SYSTEMPATH/Common.php(1250): CodeIgniter\View\View->render()
 4 APPPATH/Controllers/Auth.php(18): view()
 5 SYSTEMPATH/CodeIgniter.php(951): App\Controllers\Auth->showLogin()
 6 SYSTEMPATH/CodeIgniter.php(497): CodeIgniter\CodeIgniter->runController()
 7 SYSTEMPATH/CodeIgniter.php(340): CodeIgniter\CodeIgniter->handleRequest()
 8 SYSTEMPATH/Boot.php(417): CodeIgniter\CodeIgniter->run()
 9 SYSTEMPATH/Boot.php(68): CodeIgniter\Boot::runCodeIgniter()
10 FCPATH/index.php(59): CodeIgniter\Boot::bootWeb()
CRITICAL - 2026-05-13 06:57:49 --> Error: Call to undefined function route()
[Method: GET, Route: auth/login]
in APPPATH/Views/auth/login.php on line 269.
 1 SYSTEMPATH/View/View.php(240): include()
 2 SYSTEMPATH/View/View.php(243): CodeIgniter\View\View->CodeIgniter\View\{closure}()
 3 SYSTEMPATH/Common.php(1250): CodeIgniter\View\View->render()
 4 APPPATH/Controllers/Auth.php(18): view()
 5 SYSTEMPATH/CodeIgniter.php(951): App\Controllers\Auth->showLogin()
 6 SYSTEMPATH/CodeIgniter.php(497): CodeIgniter\CodeIgniter->runController()
 7 SYSTEMPATH/CodeIgniter.php(340): CodeIgniter\CodeIgniter->handleRequest()
 8 SYSTEMPATH/Boot.php(417): CodeIgniter\CodeIgniter->run()
 9 SYSTEMPATH/Boot.php(68): CodeIgniter\Boot::runCodeIgniter()
10 FCPATH/index.php(59): CodeIgniter\Boot::bootWeb()
CRITICAL - 2026-05-13 06:57:52 --> Error: Call to undefined function route()
[Method: GET, Route: auth/login]
in APPPATH/Views/auth/login.php on line 269.
 1 SYSTEMPATH/View/View.php(240): include()
 2 SYSTEMPATH/View/View.php(243): CodeIgniter\View\View->CodeIgniter\View\{closure}()
 3 SYSTEMPATH/Common.php(1250): CodeIgniter\View\View->render()
 4 APPPATH/Controllers/Auth.php(18): view()
 5 SYSTEMPATH/CodeIgniter.php(951): App\Controllers\Auth->showLogin()
 6 SYSTEMPATH/CodeIgniter.php(497): CodeIgniter\CodeIgniter->runController()
 7 SYSTEMPATH/CodeIgniter.php(340): CodeIgniter\CodeIgniter->handleRequest()
 8 SYSTEMPATH/Boot.php(417): CodeIgniter\CodeIgniter->run()
 9 SYSTEMPATH/Boot.php(68): CodeIgniter\Boot::runCodeIgniter()
10 FCPATH/index.php(59): CodeIgniter\Boot::bootWeb()
CRITICAL - 2026-05-13 06:57:56 --> Error: Call to undefined function route()
[Method: GET, Route: auth/login]
in APPPATH/Views/auth/login.php on line 269.
 1 SYSTEMPATH/View/View.php(240): include()
 2 SYSTEMPATH/View/View.php(243): CodeIgniter\View\View->CodeIgniter\View\{closure}()
 3 SYSTEMPATH/Common.php(1250): CodeIgniter\View\View->render()
 4 APPPATH/Controllers/Auth.php(18): view()
 5 SYSTEMPATH/CodeIgniter.php(951): App\Controllers\Auth->showLogin()
 6 SYSTEMPATH/CodeIgniter.php(497): CodeIgniter\CodeIgniter->runController()
 7 SYSTEMPATH/CodeIgniter.php(340): CodeIgniter\CodeIgniter->handleRequest()
 8 SYSTEMPATH/Boot.php(417): CodeIgniter\CodeIgniter->run()
 9 SYSTEMPATH/Boot.php(68): CodeIgniter\Boot::runCodeIgniter()
10 FCPATH/index.php(59): CodeIgniter\Boot::bootWeb()
CRITICAL - 2026-05-13 06:59:24 --> Error: Call to undefined function route()
[Method: GET, Route: employe]
in APPPATH/Views/employee/dashboard.php on line 65.
 1 SYSTEMPATH/View/View.php(240): include()
 2 SYSTEMPATH/View/View.php(243): CodeIgniter\View\View->CodeIgniter\View\{closure}()
 3 SYSTEMPATH/Common.php(1250): CodeIgniter\View\View->render()
 4 APPPATH/Controllers/Employee.php(11): view()
 5 SYSTEMPATH/CodeIgniter.php(951): App\Controllers\Employee->dashboard()
 6 SYSTEMPATH/CodeIgniter.php(497): CodeIgniter\CodeIgniter->runController()
 7 SYSTEMPATH/CodeIgniter.php(340): CodeIgniter\CodeIgniter->handleRequest()
 8 SYSTEMPATH/Boot.php(417): CodeIgniter\CodeIgniter->run()
 9 SYSTEMPATH/Boot.php(68): CodeIgniter\Boot::runCodeIgniter()
10 FCPATH/index.php(59): CodeIgniter\Boot::bootWeb()
CRITICAL - 2026-05-13 06:59:27 --> Error: Call to undefined function route()
[Method: GET, Route: employe]
in APPPATH/Views/employee/dashboard.php on line 65.
 1 SYSTEMPATH/View/View.php(240): include()
 2 SYSTEMPATH/View/View.php(243): CodeIgniter\View\View->CodeIgniter\View\{closure}()
 3 SYSTEMPATH/Common.php(1250): CodeIgniter\View\View->render()
 4 APPPATH/Controllers/Employee.php(11): view()
 5 SYSTEMPATH/CodeIgniter.php(951): App\Controllers\Employee->dashboard()
 6 SYSTEMPATH/CodeIgniter.php(497): CodeIgniter\CodeIgniter->runController()
 7 SYSTEMPATH/CodeIgniter.php(340): CodeIgniter\CodeIgniter->handleRequest()
 8 SYSTEMPATH/Boot.php(417): CodeIgniter\CodeIgniter->run()
 9 SYSTEMPATH/Boot.php(68): CodeIgniter\Boot::runCodeIgniter()
10 FCPATH/index.php(59): CodeIgniter\Boot::bootWeb()
ERROR - 2026-05-13 07:10:50 --> Error connecting to the database: Error: Class "SQLite3" not found in /home/hatsugoki/Projet SI/TechMada/system/Database/SQLite3/Connection.php:111
Stack trace:
#0 /home/hatsugoki/Projet SI/TechMada/system/Database/BaseConnection.php(555): CodeIgniter\Database\SQLite3\Connection->connect()
#1 /home/hatsugoki/Projet SI/TechMada/system/Database/SQLite3/Connection.php(74): CodeIgniter\Database\BaseConnection->initialize()
#2 /home/hatsugoki/Projet SI/TechMada/system/Database/BaseConnection.php(795): CodeIgniter\Database\SQLite3\Connection->initialize()
#3 /home/hatsugoki/Projet SI/TechMada/system/Database/BaseConnection.php(1706): CodeIgniter\Database\BaseConnection->query()
#4 /home/hatsugoki/Projet SI/TechMada/system/Database/BaseConnection.php(1726): CodeIgniter\Database\BaseConnection->listTables()
#5 /home/hatsugoki/Projet SI/TechMada/system/Database/MigrationRunner.php(821): CodeIgniter\Database\BaseConnection->tableExists()
#6 /home/hatsugoki/Projet SI/TechMada/system/Database/MigrationRunner.php(173): CodeIgniter\Database\MigrationRunner->ensureTable()
#7 /home/hatsugoki/Projet SI/TechMada/system/Commands/Database/Migrate.php(89): CodeIgniter\Database\MigrationRunner->latest()
#8 /home/hatsugoki/Projet SI/TechMada/system/CLI/SignalTrait.php(245): CodeIgniter\Commands\Database\Migrate::CodeIgniter\Commands\Database\{closure}()
#9 /home/hatsugoki/Projet SI/TechMada/system/Commands/Database/Migrate.php(88): CodeIgniter\Commands\Database\Migrate->withSignalsBlocked()
#10 /home/hatsugoki/Projet SI/TechMada/system/CLI/Commands.php(74): CodeIgniter\Commands\Database\Migrate->run()
#11 /home/hatsugoki/Projet SI/TechMada/system/CLI/Console.php(47): CodeIgniter\CLI\Commands->run()
#12 /home/hatsugoki/Projet SI/TechMada/system/Boot.php(442): CodeIgniter\CLI\Console->run()
#13 /home/hatsugoki/Projet SI/TechMada/system/Boot.php(166): CodeIgniter\Boot::runCommand()
#14 /home/hatsugoki/Projet SI/TechMada/spark(87): CodeIgniter\Boot::bootSpark()
#15 {main}
ERROR - 2026-05-13 07:13:21 --> Error connecting to the database: Error: Class "SQLite3" not found in /home/hatsugoki/Projet SI/TechMada/system/Database/SQLite3/Connection.php:111
Stack trace:
#0 /home/hatsugoki/Projet SI/TechMada/system/Database/BaseConnection.php(555): CodeIgniter\Database\SQLite3\Connection->connect()
#1 /home/hatsugoki/Projet SI/TechMada/system/Database/SQLite3/Connection.php(74): CodeIgniter\Database\BaseConnection->initialize()
#2 /home/hatsugoki/Projet SI/TechMada/system/Database/BaseConnection.php(795): CodeIgniter\Database\SQLite3\Connection->initialize()
#3 /home/hatsugoki/Projet SI/TechMada/system/Database/BaseConnection.php(1706): CodeIgniter\Database\BaseConnection->query()
#4 /home/hatsugoki/Projet SI/TechMada/system/Commands/Database/ShowTableInfo.php(121): CodeIgniter\Database\BaseConnection->listTables()
#5 /home/hatsugoki/Projet SI/TechMada/system/CLI/Commands.php(74): CodeIgniter\Commands\Database\ShowTableInfo->run()
#6 /home/hatsugoki/Projet SI/TechMada/system/CLI/Console.php(47): CodeIgniter\CLI\Commands->run()
#7 /home/hatsugoki/Projet SI/TechMada/system/Boot.php(442): CodeIgniter\CLI\Console->run()
#8 /home/hatsugoki/Projet SI/TechMada/system/Boot.php(166): CodeIgniter\Boot::runCommand()
#9 /home/hatsugoki/Projet SI/TechMada/spark(87): CodeIgniter\Boot::bootSpark()
#10 {main}
CRITICAL - 2026-05-13 07:13:21 --> CodeIgniter\Database\Exceptions\DatabaseException: Unable to connect to the database.
Main connection [SQLite3]: Class "SQLite3" not found
[Method: CLI, Route: db:table]
in SYSTEMPATH/Database/BaseConnection.php on line 606.
 1 SYSTEMPATH/Database/SQLite3/Connection.php(74): CodeIgniter\Database\BaseConnection->initialize()
 2 SYSTEMPATH/Database/BaseConnection.php(795): CodeIgniter\Database\SQLite3\Connection->initialize()
 3 SYSTEMPATH/Database/BaseConnection.php(1706): CodeIgniter\Database\BaseConnection->query()
 4 SYSTEMPATH/Commands/Database/ShowTableInfo.php(121): CodeIgniter\Database\BaseConnection->listTables()
 5 SYSTEMPATH/CLI/Commands.php(74): CodeIgniter\Commands\Database\ShowTableInfo->run()
 6 SYSTEMPATH/CLI/Console.php(47): CodeIgniter\CLI\Commands->run()
 7 SYSTEMPATH/Boot.php(442): CodeIgniter\CLI\Console->run()
 8 SYSTEMPATH/Boot.php(166): CodeIgniter\Boot::runCommand()
 9 ROOTPATH/spark(87): CodeIgniter\Boot::bootSpark()
CRITICAL - 2026-05-13 07:19:59 --> ErrorException: Type of App\Models\CongeModel::$skipValidation must not be defined (as in class CodeIgniter\BaseModel)
[Method: GET, Route: employe/dashboard]
in APPPATH/Models/CongeModel.php on line 7.
 1 [internal function]: CodeIgniter\Debug\Exceptions->shutdownHandler()
CRITICAL - 2026-05-13 07:20:51 --> ErrorException: Type of App\Models\CongeModel::$skipValidation must not be defined (as in class CodeIgniter\BaseModel)
[Method: GET, Route: employe/dashboard]
in APPPATH/Models/CongeModel.php on line 7.
 1 [internal function]: CodeIgniter\Debug\Exceptions->shutdownHandler()
CRITICAL - 2026-05-13 07:20:51 --> ErrorException: Type of App\Models\CongeModel::$skipValidation must not be defined (as in class CodeIgniter\BaseModel)
[Method: GET, Route: employe/dashboard]
in APPPATH/Models/CongeModel.php on line 7.
 1 [internal function]: CodeIgniter\Debug\Exceptions->shutdownHandler()
CRITICAL - 2026-05-13 07:21:01 --> ErrorException: Type of App\Models\EmployeModel::$skipValidation must not be defined (as in class CodeIgniter\BaseModel)
[Method: GET, Route: admin/dashboard]
in APPPATH/Models/EmployeModel.php on line 7.
 1 [internal function]: CodeIgniter\Debug\Exceptions->shutdownHandler()
CRITICAL - 2026-05-13 07:21:03 --> ErrorException: Type of App\Models\CongeModel::$skipValidation must not be defined (as in class CodeIgniter\BaseModel)
[Method: GET, Route: employe/dashboard]
in APPPATH/Models/CongeModel.php on line 7.
 1 [internal function]: CodeIgniter\Debug\Exceptions->shutdownHandler()
CRITICAL - 2026-05-13 07:21:04 --> ErrorException: Type of App\Models\CongeModel::$skipValidation must not be defined (as in class CodeIgniter\BaseModel)
[Method: GET, Route: rh/dashboard]
in APPPATH/Models/CongeModel.php on line 7.
 1 [internal function]: CodeIgniter\Debug\Exceptions->shutdownHandler()
CRITICAL - 2026-05-13 07:21:07 --> ErrorException: Type of App\Models\CongeModel::$skipValidation must not be defined (as in class CodeIgniter\BaseModel)
[Method: GET, Route: employe/dashboard]
in APPPATH/Models/CongeModel.php on line 7.
 1 [internal function]: CodeIgniter\Debug\Exceptions->shutdownHandler()
CRITICAL - 2026-05-13 07:21:11 --> ErrorException: Type of App\Models\CongeModel::$skipValidation must not be defined (as in class CodeIgniter\BaseModel)
[Method: GET, Route: employe/dashboard]
in APPPATH/Models/CongeModel.php on line 7.
 1 [internal function]: CodeIgniter\Debug\Exceptions->shutdownHandler()
CRITICAL - 2026-05-13 07:23:22 --> ErrorException: Type of App\Models\CongeModel::$casts must be array (as in class CodeIgniter\BaseModel)
[Method: GET, Route: employe/dashboard]
in APPPATH/Models/CongeModel.php on line 7.
 1 [internal function]: CodeIgniter\Debug\Exceptions->shutdownHandler()
CRITICAL - 2026-05-13 07:23:22 --> ErrorException: Type of App\Models\CongeModel::$casts must be array (as in class CodeIgniter\BaseModel)
[Method: GET, Route: rh/dashboard]
in APPPATH/Models/CongeModel.php on line 7.
 1 [internal function]: CodeIgniter\Debug\Exceptions->shutdownHandler()
CRITICAL - 2026-05-13 07:23:22 --> ErrorException: Type of App\Models\EmployeModel::$casts must be array (as in class CodeIgniter\BaseModel)
[Method: GET, Route: admin/dashboard]
in APPPATH/Models/EmployeModel.php on line 7.
 1 [internal function]: CodeIgniter\Debug\Exceptions->shutdownHandler()
CRITICAL - 2026-05-13 07:23:29 --> ErrorException: Type of App\Models\CongeModel::$casts must be array (as in class CodeIgniter\BaseModel)
[Method: GET, Route: employe/dashboard]
in APPPATH/Models/CongeModel.php on line 7.
 1 [internal function]: CodeIgniter\Debug\Exceptions->shutdownHandler()
CRITICAL - 2026-05-13 07:24:11 --> ErrorException: Type of App\Models\CongeModel::$casts must be array (as in class CodeIgniter\BaseModel)
[Method: GET, Route: employe/dashboard]
in APPPATH/Models/CongeModel.php on line 7.
 1 [internal function]: CodeIgniter\Debug\Exceptions->shutdownHandler()
CRITICAL - 2026-05-13 07:24:18 --> ErrorException: Type of App\Models\CongeModel::$casts must be array (as in class CodeIgniter\BaseModel)
[Method: GET, Route: employe/dashboard]
in APPPATH/Models/CongeModel.php on line 7.
 1 [internal function]: CodeIgniter\Debug\Exceptions->shutdownHandler()
CRITICAL - 2026-05-13 07:25:19 --> ErrorException: Type of App\Models\CongeModel::$allowEmptyInserts must be bool (as in class CodeIgniter\BaseModel)
[Method: GET, Route: employe/dashboard]
in APPPATH/Models/CongeModel.php on line 7.
 1 [internal function]: CodeIgniter\Debug\Exceptions->shutdownHandler()
CRITICAL - 2026-05-13 07:25:19 --> ErrorException: Type of App\Models\CongeModel::$allowEmptyInserts must be bool (as in class CodeIgniter\BaseModel)
[Method: GET, Route: rh/dashboard]
in APPPATH/Models/CongeModel.php on line 7.
 1 [internal function]: CodeIgniter\Debug\Exceptions->shutdownHandler()
CRITICAL - 2026-05-13 07:25:19 --> ErrorException: Type of App\Models\EmployeModel::$allowEmptyInserts must be bool (as in class CodeIgniter\BaseModel)
[Method: GET, Route: admin/dashboard]
in APPPATH/Models/EmployeModel.php on line 7.
 1 [internal function]: CodeIgniter\Debug\Exceptions->shutdownHandler()
CRITICAL - 2026-05-13 07:33:18 --> ErrorException: Type of App\Models\CongeModel::$allowEmptyInserts must be bool (as in class CodeIgniter\BaseModel)
[Method: GET, Route: employe/dashboard]
in APPPATH/Models/CongeModel.php on line 7.
 1 [internal function]: CodeIgniter\Debug\Exceptions->shutdownHandler()
CRITICAL - 2026-05-13 07:33:19 --> ErrorException: Type of App\Models\CongeModel::$allowEmptyInserts must be bool (as in class CodeIgniter\BaseModel)
[Method: GET, Route: employe/dashboard]
in APPPATH/Models/CongeModel.php on line 7.
 1 [internal function]: CodeIgniter\Debug\Exceptions->shutdownHandler()
CRITICAL - 2026-05-13 07:33:23 --> ErrorException: Type of App\Models\CongeModel::$allowEmptyInserts must be bool (as in class CodeIgniter\BaseModel)
[Method: GET, Route: employe/dashboard]
in APPPATH/Models/CongeModel.php on line 7.
 1 [internal function]: CodeIgniter\Debug\Exceptions->shutdownHandler()
CRITICAL - 2026-05-13 07:33:25 --> ErrorException: Type of App\Models\CongeModel::$allowEmptyInserts must be bool (as in class CodeIgniter\BaseModel)
[Method: GET, Route: rh/dashboard]
in APPPATH/Models/CongeModel.php on line 7.
 1 [internal function]: CodeIgniter\Debug\Exceptions->shutdownHandler()
CRITICAL - 2026-05-13 07:33:27 --> ErrorException: Type of App\Models\EmployeModel::$allowEmptyInserts must be bool (as in class CodeIgniter\BaseModel)
[Method: GET, Route: admin/dashboard]
in APPPATH/Models/EmployeModel.php on line 7.
 1 [internal function]: CodeIgniter\Debug\Exceptions->shutdownHandler()
CRITICAL - 2026-05-13 07:37:01 --> ErrorException: Type of App\Models\CongeModel::$skipValidation must not be defined (as in class CodeIgniter\BaseModel)
[Method: GET, Route: employe/dashboard]
in APPPATH/Models/CongeModel.php on line 7.
 1 [internal function]: CodeIgniter\Debug\Exceptions->shutdownHandler()
CRITICAL - 2026-05-13 07:37:04 --> ErrorException: Type of App\Models\CongeModel::$skipValidation must not be defined (as in class CodeIgniter\BaseModel)
[Method: GET, Route: rh/dashboard]
in APPPATH/Models/CongeModel.php on line 7.
 1 [internal function]: CodeIgniter\Debug\Exceptions->shutdownHandler()
CRITICAL - 2026-05-13 07:37:09 --> ErrorException: Type of App\Models\EmployeModel::$skipValidation must not be defined (as in class CodeIgniter\BaseModel)
[Method: GET, Route: admin/dashboard]
in APPPATH/Models/EmployeModel.php on line 7.
 1 [internal function]: CodeIgniter\Debug\Exceptions->shutdownHandler()
CRITICAL - 2026-05-13 08:38:08 --> ErrorException: session_regenerate_id(): Session ID cannot be regenerated when there is no active session
[Method: POST, Route: login]
in SYSTEMPATH/Session/Session.php on line 249.
 1 [internal function]: CodeIgniter\Debug\Exceptions->errorHandler()
 2 SYSTEMPATH/Session/Session.php(249): session_regenerate_id()
 3 APPPATH/Controllers/AuthController.php(39): CodeIgniter\Session\Session->regenerate()
 4 SYSTEMPATH/CodeIgniter.php(951): App\Controllers\AuthController->attemptLogin()
 5 SYSTEMPATH/CodeIgniter.php(497): CodeIgniter\CodeIgniter->runController()
 6 SYSTEMPATH/CodeIgniter.php(340): CodeIgniter\CodeIgniter->handleRequest()
 7 SYSTEMPATH/Boot.php(417): CodeIgniter\CodeIgniter->run()
 8 SYSTEMPATH/Boot.php(68): CodeIgniter\Boot::runCodeIgniter()
 9 FCPATH/index.php(59): CodeIgniter\Boot::bootWeb()
CRITICAL - 2026-05-13 08:38:22 --> ErrorException: session_regenerate_id(): Session ID cannot be regenerated when there is no active session
[Method: POST, Route: login]
in SYSTEMPATH/Session/Session.php on line 249.
 1 [internal function]: CodeIgniter\Debug\Exceptions->errorHandler()
 2 SYSTEMPATH/Session/Session.php(249): session_regenerate_id()
 3 APPPATH/Controllers/AuthController.php(39): CodeIgniter\Session\Session->regenerate()
 4 SYSTEMPATH/CodeIgniter.php(951): App\Controllers\AuthController->attemptLogin()
 5 SYSTEMPATH/CodeIgniter.php(497): CodeIgniter\CodeIgniter->runController()
 6 SYSTEMPATH/CodeIgniter.php(340): CodeIgniter\CodeIgniter->handleRequest()
 7 SYSTEMPATH/Boot.php(417): CodeIgniter\CodeIgniter->run()
 8 SYSTEMPATH/Boot.php(68): CodeIgniter\Boot::runCodeIgniter()
 9 FCPATH/index.php(59): CodeIgniter\Boot::bootWeb()
